2013.06.25 12:37 B E:\ASchool\Classes\COMP 397\Project1\images\background.jpg --> studentweb.cencol.ca /kkam5/COMP397/Project01/images background.jpg
2013.06.25 12:37 B E:\ASchool\Classes\COMP 397\Project1\images\Hammer.gif --> studentweb.cencol.ca /kkam5/COMP397/Project01/images Hammer.gif
2013.06.25 12:37 B E:\ASchool\Classes\COMP 397\Project1\images\Lose.png --> studentweb.cencol.ca /kkam5/COMP397/Project01/images Lose.png
2013.06.25 12:37 B E:\ASchool\Classes\COMP 397\Project1\images\Stage.png --> studentweb.cencol.ca /kkam5/COMP397/Project01/images Stage.png
2013.06.25 12:37 B E:\ASchool\Classes\COMP 397\Project1\images\Title.png --> studentweb.cencol.ca /kkam5/COMP397/Project01/images Title.png
2013.06.25 12:37 B E:\ASchool\Classes\COMP 397\Project1\images\Title2.png --> studentweb.cencol.ca /kkam5/COMP397/Project01/images Title2.png
2013.06.25 12:37 B E:\ASchool\Classes\COMP 397\Project1\images\Win.png --> studentweb.cencol.ca /kkam5/COMP397/Project01/images Win.png
2013.08.04 11:35 B C:\Users\Kevin S.Y. Kam\Desktop\USB Drive\Classes\COMP 397\Project2\images\background.jpg --> studentweb.cencol.ca /kkam5/COMP397/Project02/images background.jpg
2013.08.04 11:35 B C:\Users\Kevin S.Y. Kam\Desktop\USB Drive\Classes\COMP 397\Project2\images\bossblue.png --> studentweb.cencol.ca /kkam5/COMP397/Project02/images bossblue.png
2013.08.04 11:35 B C:\Users\Kevin S.Y. Kam\Desktop\USB Drive\Classes\COMP 397\Project2\images\bossred.png --> studentweb.cencol.ca /kkam5/COMP397/Project02/images bossred.png
2013.08.04 11:35 B C:\Users\Kevin S.Y. Kam\Desktop\USB Drive\Classes\COMP 397\Project2\images\box.png --> studentweb.cencol.ca /kkam5/COMP397/Project02/images box.png
2013.08.04 11:35 B C:\Users\Kevin S.Y. Kam\Desktop\USB Drive\Classes\COMP 397\Project2\images\Bullet.png --> studentweb.cencol.ca /kkam5/COMP397/Project02/images Bullet.png
2013.08.04 11:35 B C:\Users\Kevin S.Y. Kam\Desktop\USB Drive\Classes\COMP 397\Project2\images\cart.png --> studentweb.cencol.ca /kkam5/COMP397/Project02/images cart.png
2013.08.04 11:35 B C:\Users\Kevin S.Y. Kam\Desktop\USB Drive\Classes\COMP 397\Project2\images\enemy1.png --> studentweb.cencol.ca /kkam5/COMP397/Project02/images enemy1.png
2013.08.04 11:35 B C:\Users\Kevin S.Y. Kam\Desktop\USB Drive\Classes\COMP 397\Project2\images\ground1.png --> studentweb.cencol.ca /kkam5/COMP397/Project02/images ground1.png
2013.08.04 11:35 B C:\Users\Kevin S.Y. Kam\Desktop\USB Drive\Classes\COMP 397\Project2\images\leftclaw.png --> studentweb.cencol.ca /kkam5/COMP397/Project02/images leftclaw.png
2013.08.04 11:35 B C:\Users\Kevin S.Y. Kam\Desktop\USB Drive\Classes\COMP 397\Project2\images\Level11.png --> studentweb.cencol.ca /kkam5/COMP397/Project02/images Level11.png
2013.08.04 11:35 B C:\Users\Kevin S.Y. Kam\Desktop\USB Drive\Classes\COMP 397\Project2\images\Level12.png --> studentweb.cencol.ca /kkam5/COMP397/Project02/images Level12.png
2013.08.04 11:35 B C:\Users\Kevin S.Y. Kam\Desktop\USB Drive\Classes\COMP 397\Project2\images\Level13.png --> studentweb.cencol.ca /kkam5/COMP397/Project02/images Level13.png
2013.08.04 11:35 B C:\Users\Kevin S.Y. Kam\Desktop\USB Drive\Classes\COMP 397\Project2\images\Level14.png --> studentweb.cencol.ca /kkam5/COMP397/Project02/images Level14.png
2013.08.04 11:35 B C:\Users\Kevin S.Y. Kam\Desktop\USB Drive\Classes\COMP 397\Project2\images\Level21.png --> studentweb.cencol.ca /kkam5/COMP397/Project02/images Level21.png
2013.08.04 11:35 B C:\Users\Kevin S.Y. Kam\Desktop\USB Drive\Classes\COMP 397\Project2\images\Level22.png --> studentweb.cencol.ca /kkam5/COMP397/Project02/images Level22.png
2013.08.04 11:35 B C:\Users\Kevin S.Y. Kam\Desktop\USB Drive\Classes\COMP 397\Project2\images\Level23.png --> studentweb.cencol.ca /kkam5/COMP397/Project02/images Level23.png
2013.08.04 11:35 B C:\Users\Kevin S.Y. Kam\Desktop\USB Drive\Classes\COMP 397\Project2\images\Level24.png --> studentweb.cencol.ca /kkam5/COMP397/Project02/images Level24.png
2013.08.04 11:35 B C:\Users\Kevin S.Y. Kam\Desktop\USB Drive\Classes\COMP 397\Project2\images\Level31.png --> studentweb.cencol.ca /kkam5/COMP397/Project02/images Level31.png
2013.08.04 11:35 B C:\Users\Kevin S.Y. Kam\Desktop\USB Drive\Classes\COMP 397\Project2\images\Level32.png --> studentweb.cencol.ca /kkam5/COMP397/Project02/images Level32.png
2013.08.04 11:35 B C:\Users\Kevin S.Y. Kam\Desktop\USB Drive\Classes\COMP 397\Project2\images\Level33.png --> studentweb.cencol.ca /kkam5/COMP397/Project02/images Level33.png
2013.08.04 11:35 B C:\Users\Kevin S.Y. Kam\Desktop\USB Drive\Classes\COMP 397\Project2\images\Level34.png --> studentweb.cencol.ca /kkam5/COMP397/Project02/images Level34.png
2013.08.04 11:35 B C:\Users\Kevin S.Y. Kam\Desktop\USB Drive\Classes\COMP 397\Project2\images\Level41.png --> studentweb.cencol.ca /kkam5/COMP397/Project02/images Level41.png
2013.08.04 11:35 B C:\Users\Kevin S.Y. Kam\Desktop\USB Drive\Classes\COMP 397\Project2\images\Level42.png --> studentweb.cencol.ca /kkam5/COMP397/Project02/images Level42.png
2013.08.04 11:35 B C:\Users\Kevin S.Y. Kam\Desktop\USB Drive\Classes\COMP 397\Project2\images\Level43.png --> studentweb.cencol.ca /kkam5/COMP397/Project02/images Level43.png
2013.08.04 11:35 B C:\Users\Kevin S.Y. Kam\Desktop\USB Drive\Classes\COMP 397\Project2\images\Level44.png --> studentweb.cencol.ca /kkam5/COMP397/Project02/images Level44.png
2013.08.04 11:35 B C:\Users\Kevin S.Y. Kam\Desktop\USB Drive\Classes\COMP 397\Project2\images\Level45.png --> studentweb.cencol.ca /kkam5/COMP397/Project02/images Level45.png
2013.08.04 11:35 B C:\Users\Kevin S.Y. Kam\Desktop\USB Drive\Classes\COMP 397\Project2\images\Lose.png --> studentweb.cencol.ca /kkam5/COMP397/Project02/images Lose.png
2013.08.04 11:35 B C:\Users\Kevin S.Y. Kam\Desktop\USB Drive\Classes\COMP 397\Project2\images\player-left-1.png --> studentweb.cencol.ca /kkam5/COMP397/Project02/images player-left-1.png
2013.08.04 11:35 B C:\Users\Kevin S.Y. Kam\Desktop\USB Drive\Classes\COMP 397\Project2\images\player-left-2.png --> studentweb.cencol.ca /kkam5/COMP397/Project02/images player-left-2.png
2013.08.04 11:35 B C:\Users\Kevin S.Y. Kam\Desktop\USB Drive\Classes\COMP 397\Project2\images\player-left-3.png --> studentweb.cencol.ca /kkam5/COMP397/Project02/images player-left-3.png
2013.08.04 11:35 B C:\Users\Kevin S.Y. Kam\Desktop\USB Drive\Classes\COMP 397\Project2\images\player-left-4.png --> studentweb.cencol.ca /kkam5/COMP397/Project02/images player-left-4.png
2013.08.04 11:35 B C:\Users\Kevin S.Y. Kam\Desktop\USB Drive\Classes\COMP 397\Project2\images\player-left-5.png --> studentweb.cencol.ca /kkam5/COMP397/Project02/images player-left-5.png
2013.08.04 11:35 B C:\Users\Kevin S.Y. Kam\Desktop\USB Drive\Classes\COMP 397\Project2\images\player-left-6.png --> studentweb.cencol.ca /kkam5/COMP397/Project02/images player-left-6.png
2013.08.04 11:35 B C:\Users\Kevin S.Y. Kam\Desktop\USB Drive\Classes\COMP 397\Project2\images\player-right-1.png --> studentweb.cencol.ca /kkam5/COMP397/Project02/images player-right-1.png
2013.08.04 11:35 B C:\Users\Kevin S.Y. Kam\Desktop\USB Drive\Classes\COMP 397\Project2\images\player-right-2.png --> studentweb.cencol.ca /kkam5/COMP397/Project02/images player-right-2.png
2013.08.04 11:35 B C:\Users\Kevin S.Y. Kam\Desktop\USB Drive\Classes\COMP 397\Project2\images\player-right-3.png --> studentweb.cencol.ca /kkam5/COMP397/Project02/images player-right-3.png
2013.08.04 11:35 B C:\Users\Kevin S.Y. Kam\Desktop\USB Drive\Classes\COMP 397\Project2\images\player-right-4.png --> studentweb.cencol.ca /kkam5/COMP397/Project02/images player-right-4.png
2013.08.04 11:35 B C:\Users\Kevin S.Y. Kam\Desktop\USB Drive\Classes\COMP 397\Project2\images\player-right-5.png --> studentweb.cencol.ca /kkam5/COMP397/Project02/images player-right-5.png
2013.08.04 11:35 B C:\Users\Kevin S.Y. Kam\Desktop\USB Drive\Classes\COMP 397\Project2\images\player-right-6.png --> studentweb.cencol.ca /kkam5/COMP397/Project02/images player-right-6.png
2013.08.04 11:35 B C:\Users\Kevin S.Y. Kam\Desktop\USB Drive\Classes\COMP 397\Project2\images\rightclaw.png --> studentweb.cencol.ca /kkam5/COMP397/Project02/images rightclaw.png
2013.08.04 11:35 B C:\Users\Kevin S.Y. Kam\Desktop\USB Drive\Classes\COMP 397\Project2\images\Title.png --> studentweb.cencol.ca /kkam5/COMP397/Project02/images Title.png
2013.08.04 11:35 B C:\Users\Kevin S.Y. Kam\Desktop\USB Drive\Classes\COMP 397\Project2\images\Title2.png --> studentweb.cencol.ca /kkam5/COMP397/Project02/images Title2.png
2013.08.04 11:35 B C:\Users\Kevin S.Y. Kam\Desktop\USB Drive\Classes\COMP 397\Project2\images\Win.png --> studentweb.cencol.ca /kkam5/COMP397/Project02/images Win.png
2013.08.04 11:35 B C:\Users\Kevin S.Y. Kam\Desktop\USB Drive\Classes\COMP 397\Project2\images\WS_FTP.LOG --> studentweb.cencol.ca /kkam5/COMP397/Project02/images WS_FTP.LOG
2013.08.04 11:45 B C:\Users\Kevin S.Y. Kam\Desktop\USB Drive\Classes\COMP 397\Project2\images\Title.png --> studentweb.cencol.ca /kkam5/COMP397/Project02/images Title.png
